app/build/outputs/logs/manifest-merger-debug-report.txt
-- Merging decision tree log ---
manifest
ADDED from src\main\AndroidManifest.xml:2:1-229:12
INJECTED from src\main\AndroidManifest.xml:2:1-229:12
INJECTED from src\main\AndroidManifest.xml:2:1-229:12
INJECTED from src\main\AndroidManifest.xml:2:1-229:12
MERGED from [com.google.firebase:firebase-core:11.8.0] AndroidManifest.xml:2:1-6:12
MERGED from [com.google.firebase:firebase-messaging:11.8.0] AndroidManifest.xml:17:1-37:12
MERGED from [com.google.android.gms:play-services-location:11.8.0] AndroidManifest.xml:2:1-9:12
MERGED from [com.android.support:design:27.1.1] AndroidManifest.xml:17:1-22:12
MERGED from [com.google.android.gms:play-services-maps:11.8.0] AndroidManifest.xml:17:1-32:12
MERGED from [com.google.firebase:firebase-analytics:11.8.0] AndroidManifest.xml:17:1-54:12
MERGED from [com.google.firebase:firebase-analytics-impl:11.8.0] AndroidManifest.xml:17:1-40:12
MERGED from [com.google.firebase:firebase-iid:11.8.0] AndroidManifest.xml:17:1-59:12
MERGED from [com.google.firebase:firebase-common:11.8.0] AndroidManifest.xml:2:1-15:12
MERGED from [com.google.android.gms:play-services-base:11.8.0] AndroidManifest.xml:17:1-29:12
MERGED from [com.google.android.gms:play-services-tasks:11.8.0] AndroidManifest.xml:2:1-9:12
MERGED from [com.google.android.gms:play-services-basement:11.8.0] AndroidManifest.xml:17:1-28:12
MERGED from [com.android.support:support-v4:27.1.1] AndroidManifest.xml:17:1-22:12
MERGED from [com.github.jd-alexander:LikeButton:0.2.3] AndroidManifest.xml:2:1-14:12
MERGED from [com.android.support:appcompat-v7:27.1.1] AndroidManifest.xml:17:1-22:12
MERGED from [com.android.support.constraint:constraint-layout:1.1.2] AndroidManifest.xml:2:1-11:12
MERGED from [com.android.support:recyclerview-v7:27.1.1] AndroidManifest.xml:17:1-22:12
MERGED from [com.android.support:cardview-v7:27.1.1] AndroidManifest.xml:17:1-22:12
MERGED from [com.squareup.picasso:picasso:2.71828] AndroidManifest.xml:2:1-14:12
MERGED from [de.hdodenhof:circleimageview:2.2.0] AndroidManifest.xml:2:1-11:12
MERGED from [com.google.firebase:firebase-messaging-license:11.8.0] AndroidManifest.xml:2:1-6:12
MERGED from [com.google.android.gms:play-services-location-license:11.8.0] AndroidManifest.xml:2:1-6:12
MERGED from [com.android.support:transition:27.1.1] AndroidManifest.xml:17:1-22:12
MERGED from [com.android.support:support-fragment:27.1.1] AndroidManifest.xml:17:1-22:12
MERGED from [com.android.support:animated-vector-drawable:27.1.1] AndroidManifest.xml:17:1-22:12
MERGED from [com.android.support:support-core-ui:27.1.1] AndroidManifest.xml:17:1-22:12
MERGED from [com.android.support:support-core-utils:27.1.1] AndroidManifest.xml:17:1-22:12
MERGED from [com.android.support:support-vector-drawable:27.1.1] AndroidManifest.xml:17:1-22:12
MERGED from [com.android.support:support-media-compat:27.1.1] AndroidManifest.xml:17:1-22:12
MERGED from [com.android.support:support-compat:27.1.1] AndroidManifest.xml:17:1-22:12
MERGED from [com.android.support:exifinterface:27.1.0] AndroidManifest.xml:17:1-22:12
MERGED from [com.google.android.gms:play-services-maps-license:11.8.0] AndroidManifest.xml:2:1-6:12
MERGED from [com.google.firebase:firebase-analytics-license:11.8.0] AndroidManifest.xml:2:1-6:12
MERGED from [com.google.firebase:firebase-iid-license:11.8.0] AndroidManifest.xml:2:1-6:12
MERGED from [com.google.android.gms:play-services-basement-license:11.8.0] AndroidManifest.xml:2:1-6:12
MERGED from [com.google.firebase:firebase-common-license:11.8.0] AndroidManifest.xml:2:1-6:12
MERGED from [com.google.android.gms:play-services-base-license:11.8.0] AndroidManifest.xml:2:1-6:12
MERGED from [com.google.android.gms:play-services-tasks-license:11.8.0] AndroidManifest.xml:2:1-6:12
MERGED from [android.arch.lifecycle:runtime:1.1.0] AndroidManifest.xml:17:1-22:12
MERGED from [com.google.firebase:firebase-analytics-impl-license:11.8.0] AndroidManifest.xml:2:1-6:12
MERGED from [android.arch.lifecycle:livedata-core:1.1.0] AndroidManifest.xml:17:1-22:12
MERGED from [android.arch.core:runtime:1.1.0] AndroidManifest.xml:17:1-22:12
MERGED from [android.arch.lifecycle:viewmodel:1.1.0] AndroidManifest.xml:17:1-22:12
INJECTED from src\main\AndroidManifest.xml:2:1-229:12
INJECTED from src\main\AndroidManifest.xml:2:1-229:12
INJECTED from src\main\AndroidManifest.xml:2:1-229:12
	package
		ADDED from src\main\AndroidManifest.xml:4:5-30
		INJECTED from src\main\AndroidManifest.xml
		INJECTED from src\main\AndroidManifest.xml
	android:versionName
		INJECTED from src\main\AndroidManifest.xml
		ADDED from src\main\AndroidManifest.xml:2:1-229:12
		INJECTED from src\main\AndroidManifest.xml
	xmlns:tools
		ADDED from src\main\AndroidManifest.xml:3:5-51
	android:versionCode
		INJECTED from src\main\AndroidManifest.xml
		ADDED from src\main\AndroidManifest.xml:2:1-229:12
		INJECTED from src\main\AndroidManifest.xml
	xmlns:android
		ADDED from src\main\AndroidManifest.xml:2:11-69
uses-permission#android.permission.ACCESS_COARSE_LOCATION
ADDED from src\main\AndroidManifest.xml:6:5-81
	android:name
		ADDED from src\main\AndroidManifest.xml:6:22-78
uses-permission#android.permission.ACCESS_FINE_LOCATION
ADDED from src\main\AndroidManifest.xml:7:5-79
	android:name
		ADDED from src\main\AndroidManifest.xml:7:22-76
uses-feature#android.hardware.camera
ADDED from src\main\AndroidManifest.xml:9:5-60
	android:name
		ADDED from src\main\AndroidManifest.xml:9:19-57
uses-permission#android.permission.WRITE_EXTERNAL_STORAGE
ADDED from src\main\AndroidManifest.xml:11:5-81
	android:name
		ADDED from src\main\AndroidManifest.xml:11:22-78
uses-permission#android.permission.READ_SMS
ADDED from src\main\AndroidManifest.xml:12:5-67
	android:name
		ADDED from src\main\AndroidManifest.xml:12:22-64
uses-permission#android.permission.WRITE_SMS
ADDED from src\main\AndroidManifest.xml:13:5-68
	android:name
		ADDED from src\main\AndroidManifest.xml:13:22-65
uses-permission#android.permission.READ_EXTERNAL_STORAGE
ADDED from src\main\AndroidManifest.xml:14:5-80
	android:name
		ADDED from src\main\AndroidManifest.xml:14:22-77
uses-permission#android.permission.ACCESS_NETWORK_STATE
ADDED from src\main\AndroidManifest.xml:15:5-79
MERGED from [com.google.android.gms:play-services-maps:11.8.0] AndroidManifest.xml:23:5-79
MERGED from [com.google.android.gms:play-services-maps:11.8.0] AndroidManifest.xml:23:5-79
MERGED from [com.google.firebase:firebase-analytics:11.8.0] AndroidManifest.xml:24:5-79
MERGED from [com.google.firebase:firebase-analytics:11.8.0] AndroidManifest.xml:24:5-79
MERGED from [com.google.firebase:firebase-analytics-impl:11.8.0] AndroidManifest.xml:24:5-79
MERGED from [com.google.firebase:firebase-analytics-impl:11.8.0] AndroidManifest.xml:24:5-79
MERGED from [com.google.firebase:firebase-iid:11.8.0] AndroidManifest.xml:22:5-79
MERGED from [com.google.firebase:firebase-iid:11.8.0] AndroidManifest.xml:22:5-79
	android:name
		ADDED from src\main\AndroidManifest.xml:15:22-76
uses-permission#android.permission.READ_PHONE_STATE
ADDED from src\main\AndroidManifest.xml:18:5-75
	android:name
		ADDED from src\main\AndroidManifest.xml:18:22-72
uses-permission#android.permission.INTERNET
ADDED from src\main\AndroidManifest.xml:19:5-67
MERGED from [com.google.android.gms:play-services-maps:11.8.0] AndroidManifest.xml:24:5-67
MERGED from [com.google.android.gms:play-services-maps:11.8.0] AndroidManifest.xml:24:5-67
MERGED from [com.google.firebase:firebase-analytics:11.8.0] AndroidManifest.xml:23:5-67
MERGED from [com.google.firebase:firebase-analytics:11.8.0] AndroidManifest.xml:23:5-67
MERGED from [com.google.firebase:firebase-analytics-impl:11.8.0] AndroidManifest.xml:23:5-67
MERGED from [com.google.firebase:firebase-analytics-impl:11.8.0] AndroidManifest.xml:23:5-67
MERGED from [com.google.firebase:firebase-iid:11.8.0] AndroidManifest.xml:23:5-67
MERGED from [com.google.firebase:firebase-iid:11.8.0] AndroidManifest.xml:23:5-67
	android:name
		ADDED from src\main\AndroidManifest.xml:19:22-64
uses-permission#android.permission.RECORD_AUDIO
ADDED from src\main\AndroidManifest.xml:20:5-71
	android:name
		ADDED from src\main\AndroidManifest.xml:20:22-68
uses-permission#android.permission.CHANGE_NETWORK_STATE
ADDED from src\main\AndroidManifest.xml:21:5-79
	android:name
		ADDED from src\main\AndroidManifest.xml:21:22-76
uses-permission#android.permission.ACCESS_WIFI_STATE
ADDED from src\main\AndroidManifest.xml:22:5-76
	android:name
		ADDED from src\main\AndroidManifest.xml:22:22-73
uses-permission#android.permission.CHANGE_WIFI_MULTICAST_STATE
ADDED from src\main\AndroidManifest.xml:23:5-86
	android:name
		ADDED from src\main\AndroidManifest.xml:23:22-83
uses-permission#android.permission.VIBRATE
ADDED from src\main\AndroidManifest.xml:24:5-66
	android:name
		ADDED from src\main\AndroidManifest.xml:24:22-63
uses-permission#android.permission.RECEIVE_BOOT_COMPLETED
ADDED from src\main\AndroidManifest.xml:25:5-81
	android:name
		ADDED from src\main\AndroidManifest.xml:25:22-78
uses-permission#android.permission.WRITE_SETTINGS
ADDED from src\main\AndroidManifest.xml:26:5-73
	android:name
		ADDED from src\main\AndroidManifest.xml:26:22-70
uses-permission#android.permission.RECEIVE_SMS
ADDED from src\main\AndroidManifest.xml:27:5-70
	android:name
		ADDED from src\main\AndroidManifest.xml:27:22-67
uses-permission#android.permission.WRITE_SECURE_SETTINGS
ADDED from src\main\AndroidManifest.xml:29:5-31:47
	tools:ignore
		ADDED from src\main\AndroidManifest.xml:31:9-44
	android:name
		ADDED from src\main\AndroidManifest.xml:30:9-64
application
ADDED from src\main\AndroidManifest.xml:33:5-227:19
MERGED from [com.google.firebase:firebase-core:11.8.0] AndroidManifest.xml:5:5-20
MERGED from [com.google.firebase:firebase-core:11.8.0] AndroidManifest.xml:5:5-20
MERGED from [com.google.firebase:firebase-messaging:11.8.0] AndroidManifest.xml:22:5-35:19
MERGED from [com.google.firebase:firebase-messaging:11.8.0] AndroidManifest.xml:22:5-35:19
MERGED from [com.google.android.gms:play-services-location:11.8.0] AndroidManifest.xml:7:5-20
MERGED from [com.google.android.gms:play-services-location:11.8.0] AndroidManifest.xml:7:5-20
MERGED from [com.google.android.gms:play-services-maps:11.8.0] AndroidManifest.xml:30:5-20
MERGED from [com.google.android.gms:play-services-maps:11.8.0] AndroidManifest.xml:30:5-20
MERGED from [com.google.firebase:firebase-analytics:11.8.0] AndroidManifest.xml:27:5-52:19
MERGED from [com.google.firebase:firebase-analytics:11.8.0] AndroidManifest.xml:27:5-52:19
MERGED from [com.google.firebase:firebase-analytics-impl:11.8.0] AndroidManifest.xml:27:5-38:19
MERGED from [com.google.firebase:firebase-analytics-impl:11.8.0] AndroidManifest.xml:27:5-38:19
MERGED from [com.google.firebase:firebase-iid:11.8.0] AndroidManifest.xml:34:5-57:19
MERGED from [com.google.firebase:firebase-iid:11.8.0] AndroidManifest.xml:34:5-57:19
MERGED from [com.google.firebase:firebase-common:11.8.0] AndroidManifest.xml:7:5-13:19
MERGED from [com.google.firebase:firebase-common:11.8.0] AndroidManifest.xml:7:5-13:19
MERGED from [com.google.android.gms:play-services-base:11.8.0] AndroidManifest.xml:22:5-27:19
MERGED from [com.google.android.gms:play-services-base:11.8.0] AndroidManifest.xml:22:5-27:19
MERGED from [com.google.android.gms:play-services-tasks:11.8.0] AndroidManifest.xml:7:5-20
MERGED from [com.google.android.gms:play-services-tasks:11.8.0] AndroidManifest.xml:7:5-20
MERGED from [com.google.android.gms:play-services-basement:11.8.0] AndroidManifest.xml:22:5-26:19
MERGED from [com.google.android.gms:play-services-basement:11.8.0] AndroidManifest.xml:22:5-26:19
MERGED from [com.github.jd-alexander:LikeButton:0.2.3] AndroidManifest.xml:11:5-12:19
MERGED from [com.github.jd-alexander:LikeButton:0.2.3] AndroidManifest.xml:11:5-12:19
MERGED from [com.android.support.constraint:constraint-layout:1.1.2] AndroidManifest.xml:9:5-20
MERGED from [com.android.support.constraint:constraint-layout:1.1.2] AndroidManifest.xml:9:5-20
MERGED from [com.squareup.picasso:picasso:2.71828] AndroidManifest.xml:7:5-12:19
MERGED from [com.squareup.picasso:picasso:2.71828] AndroidManifest.xml:7:5-12:19
MERGED from [de.hdodenhof:circleimageview:2.2.0] AndroidManifest.xml:9:5-20
MERGED from [de.hdodenhof:circleimageview:2.2.0] AndroidManifest.xml:9:5-20
MERGED from [com.google.firebase:firebase-messaging-license:11.8.0] AndroidManifest.xml:5:5-20
MERGED from [com.google.firebase:firebase-messaging-license:11.8.0] AndroidManifest.xml:5:5-20
MERGED from [com.google.android.gms:play-services-location-license:11.8.0] AndroidManifest.xml:5:5-20
MERGED from [com.google.android.gms:play-services-location-license:11.8.0] AndroidManifest.xml:5:5-20
MERGED from [com.google.android.gms:play-services-maps-license:11.8.0] AndroidManifest.xml:5:5-20
MERGED from [com.google.android.gms:play-services-maps-license:11.8.0] AndroidManifest.xml:5:5-20
MERGED from [com.google.firebase:firebase-analytics-license:11.8.0] AndroidManifest.xml:5:5-20
MERGED from [com.google.firebase:firebase-analytics-license:11.8.0] AndroidManifest.xml:5:5-20
MERGED from [com.google.firebase:firebase-iid-license:11.8.0] AndroidManifest.xml:5:5-20
MERGED from [com.google.firebase:firebase-iid-license:11.8.0] AndroidManifest.xml:5:5-20
MERGED from [com.google.android.gms:play-services-basement-license:11.8.0] AndroidManifest.xml:5:5-20
MERGED from [com.google.android.gms:play-services-basement-license:11.8.0] AndroidManifest.xml:5:5-20
MERGED from [com.google.firebase:firebase-common-license:11.8.0] AndroidManifest.xml:5:5-20
MERGED from [com.google.firebase:firebase-common-license:11.8.0] AndroidManifest.xml:5:5-20
MERGED from [com.google.android.gms:play-services-base-license:11.8.0] AndroidManifest.xml:5:5-20
MERGED from [com.google.android.gms:play-services-base-license:11.8.0] AndroidManifest.xml:5:5-20
MERGED from [com.google.android.gms:play-services-tasks-license:11.8.0] AndroidManifest.xml:5:5-20
MERGED from [com.google.android.gms:play-services-tasks-license:11.8.0] AndroidManifest.xml:5:5-20
MERGED from [com.google.firebase:firebase-analytics-impl-license:11.8.0] AndroidManifest.xml:5:5-20
MERGED from [com.google.firebase:firebase-analytics-impl-license:11.8.0] AndroidManifest.xml:5:5-20
	android:supportsRtl
		ADDED from src\main\AndroidManifest.xml:40:9-35
	android:label
		ADDED from src\main\AndroidManifest.xml:37:9-41
	android:hardwareAccelerated
		ADDED from src\main\AndroidManifest.xml:35:9-43
	android:roundIcon
		ADDED from src\main\AndroidManifest.xml:39:9-47
	android:largeHeap
		ADDED from src\main\AndroidManifest.xml:38:9-33
	android:icon
		ADDED from src\main\AndroidManifest.xml:36:9-42
	android:allowBackup
		ADDED from src\main\AndroidManifest.xml:34:9-35
	android:theme
		ADDED from src\main\AndroidManifest.xml:41:9-40
activity#neutrinos.addme.activity.SplashScreen
ADDED from src\main\AndroidManifest.xml:42:9-52:20
	android:screenOrientation
		ADDED from src\main\AndroidManifest.xml:45:13-49
	android:launchMode
		ADDED from src\main\AndroidManifest.xml:44:13-44
	android:theme
		ADDED from src\main\AndroidManifest.xml:46:13-72
	android:name
		ADDED from src\main\AndroidManifest.xml:43:13-50
intent-filter#android.intent.action.MAIN+android.intent.category.LAUNCHER
ADDED from src\main\AndroidManifest.xml:47:13-51:29
action#android.intent.action.MAIN
ADDED from src\main\AndroidManifest.xml:48:17-69
	android:name
		ADDED from src\main\AndroidManifest.xml:48:25-66
category#android.intent.category.LAUNCHER
ADDED from src\main\AndroidManifest.xml:50:17-77
	android:name
		ADDED from src\main\AndroidManifest.xml:50:27-74
receiver#neutrinos.addme.Myreceiver
ADDED from src\main\AndroidManifest.xml:60:9-64:20
	android:name
		ADDED from src\main\AndroidManifest.xml:60:19-45
intent-filter#neutrinos.addme.CUSTOM_INTENT
ADDED from src\main\AndroidManifest.xml:61:13-63:29
action#neutrinos.addme.CUSTOM_INTENT
ADDED from src\main\AndroidManifest.xml:62:17-72
	android:name
		ADDED from src\main\AndroidManifest.xml:62:25-69
activity#neutrinos.addme.activity.RegistrationActivity
ADDED from src\main\AndroidManifest.xml:66:9-68:57
	android:windowSoftInputMode
		ADDED from src\main\AndroidManifest.xml:68:13-54
	android:name
		ADDED from src\main\AndroidManifest.xml:67:13-58
activity#neutrinos.addme.alarmclass.EditAlarm
ADDED from src\main\AndroidManifest.xml:69:9-71:42
	android:label
		ADDED from src\main\AndroidManifest.xml:71:13-39
	android:name
		ADDED from src\main\AndroidManifest.xml:70:13-49
activity#neutrinos.addme.activity.MainActivity
ADDED from src\main\AndroidManifest.xml:72:9-74:42
	android:label
		ADDED from src\main\AndroidManifest.xml:74:13-39
	android:name
		ADDED from src\main\AndroidManifest.xml:73:13-50
activity#neutrinos.addme.alarmclass.AlarmNotification
ADDED from src\main\AndroidManifest.xml:75:9-77:50
	android:label
		ADDED from src\main\AndroidManifest.xml:77:13-47
	android:name
		ADDED from src\main\AndroidManifest.xml:76:13-57
activity#neutrinos.addme.PreferenceClass.Preferences
ADDED from src\main\AndroidManifest.xml:78:9-80:43
	android:label
		ADDED from src\main\AndroidManifest.xml:80:13-40
	android:name
		ADDED from src\main\AndroidManifest.xml:79:13-56
activity#neutrinos.addme.utilities.About
ADDED from src\main\AndroidManifest.xml:81:9-83:37
	android:label
		ADDED from src\main\AndroidManifest.xml:83:13-34
	android:name
		ADDED from src\main\AndroidManifest.xml:82:13-44
activity#neutrinos.addme.alarmclass.AlarmMe
ADDED from src\main\AndroidManifest.xml:84:9-87:76
	android:label
		ADDED from src\main\AndroidManifest.xml:86:13-34
	android:theme
		ADDED from src\main\AndroidManifest.xml:87:13-73
	android:name
		ADDED from src\main\AndroidManifest.xml:85:13-47
receiver#neutrinos.addme.alarmclass.AlarmReceiver
ADDED from src\main\AndroidManifest.xml:89:9-91:41
	android:process
		ADDED from src\main\AndroidManifest.xml:91:13-38
	android:name
		ADDED from src\main\AndroidManifest.xml:90:13-53
receiver#neutrinos.addme.utilities.BootCompletedReceiver
ADDED from src\main\AndroidManifest.xml:92:9-98:20
	android:name
		ADDED from src\main\AndroidManifest.xml:92:19-66
intent-filter#android.intent.action.BOOT_COMPLETED+android.intent.category.DEFAULT
ADDED from src\main\AndroidManifest.xml:93:13-97:29
action#android.intent.action.BOOT_COMPLETED
ADDED from src\main\AndroidManifest.xml:94:17-79
	android:name
		ADDED from src\main\AndroidManifest.xml:94:25-76
category#android.intent.category.DEFAULT
ADDED from src\main\AndroidManifest.xml:96:17-76
	android:name
		ADDED from src\main\AndroidManifest.xml:96:27-73
service#neutrinos.addme.MyFirebaseInstanceIDService
ADDED from src\main\AndroidManifest.xml:100:9-106:19
	android:exported
		ADDED from src\main\AndroidManifest.xml:102:13-37
	android:name
		ADDED from src\main\AndroidManifest.xml:101:13-56
intent-filter#com.google.firebase.INSTANCE_ID_EVENT
ADDED from src\main\AndroidManifest.xml:103:13-105:29
action#com.google.firebase.INSTANCE_ID_EVENT
ADDED from src\main\AndroidManifest.xml:104:17-80
	android:name
		ADDED from src\main\AndroidManifest.xml:104:25-77
service#neutrinos.addme.fcm.MyFirebaseMessagingService
ADDED from src\main\AndroidManifest.xml:107:9-114:19
	android:launchMode
		ADDED from src\main\AndroidManifest.xml:110:13-43
	android:exported
		ADDED from src\main\AndroidManifest.xml:109:13-37
	android:name
		ADDED from src\main\AndroidManifest.xml:108:13-59
intent-filter#com.google.firebase.MESSAGING_EVENT
ADDED from src\main\AndroidManifest.xml:111:13-113:29
action#com.google.firebase.MESSAGING_EVENT
ADDED from src\main\AndroidManifest.xml:112:17-78
	android:name
		ADDED from src\main\AndroidManifest.xml:112:25-75
meta-data#com.google.firebase.messaging.default_notification_icon
ADDED from src\main\AndroidManifest.xml:120:9-122:56
	android:resource
		ADDED from src\main\AndroidManifest.xml:122:13-53
	android:name
		ADDED from src\main\AndroidManifest.xml:121:13-83
meta-data#com.google.firebase.messaging.default_notification_color
ADDED from src\main\AndroidManifest.xml:127:9-129:53
	android:resource
		ADDED from src\main\AndroidManifest.xml:129:13-50
	android:name
		ADDED from src\main\AndroidManifest.xml:128:13-84
meta-data#com.google.firebase.messaging.default_notification_channel_id
ADDED from src\main\AndroidManifest.xml:130:9-132:71
	android:value
		ADDED from src\main\AndroidManifest.xml:132:13-68
	android:name
		ADDED from src\main\AndroidManifest.xml:131:13-89
meta-data#com.google.android.gms.version
ADDED from src\main\AndroidManifest.xml:133:9-135:69
MERGED from [com.google.android.gms:play-services-basement:11.8.0] AndroidManifest.xml:23:9-25:69
MERGED from [com.google.android.gms:play-services-basement:11.8.0] AndroidManifest.xml:23:9-25:69
	android:value
		ADDED from src\main\AndroidManifest.xml:135:13-66
	android:name
		ADDED from src\main\AndroidManifest.xml:134:13-58
meta-data#com.google.android.gms.analytics.globalConfigResource
ADDED from src\main\AndroidManifest.xml:136:9-138:51
	android:resource
		ADDED from src\main\AndroidManifest.xml:138:13-48
	android:name
		ADDED from src\main\AndroidManifest.xml:137:13-81
service#neutrinos.addme.fcm.MyFirebaseInstanceIDService
ADDED from src\main\AndroidManifest.xml:140:9-144:19
	android:name
		ADDED from src\main\AndroidManifest.xml:140:18-65
service#neutrinos.addme.PreferenceClass.IsPressedReceiver
ADDED from src\main\AndroidManifest.xml:145:9-153:19
	android:enabled
		ADDED from src\main\AndroidManifest.xml:147:13-35
	android:exported
		ADDED from src\main\AndroidManifest.xml:148:13-37
	android:name
		ADDED from src\main\AndroidManifest.xml:146:13-62
intent-filter#IsPressedReceiver+android.net.conn.CONNECTIVITY_CHANGE
ADDED from src\main\AndroidManifest.xml:149:13-152:29
action#IsPressedReceiver
ADDED from src\main\AndroidManifest.xml:150:17-60
	android:name
		ADDED from src\main\AndroidManifest.xml:150:25-57
action#android.net.conn.CONNECTIVITY_CHANGE
ADDED from src\main\AndroidManifest.xml:151:17-79
	android:name
		ADDED from src\main\AndroidManifest.xml:151:25-76
activity#neutrinos.addme.activity.NewCheckListActivity
ADDED from src\main\AndroidManifest.xml:155:9-157:40
	android:label
		ADDED from src\main\AndroidManifest.xml:157:13-37
	android:name
		ADDED from src\main\AndroidManifest.xml:156:13-58
activity#neutrinos.addme.activity.CustomerProfile
ADDED from src\main\AndroidManifest.xml:158:9-160:39
	android:label
		ADDED from src\main\AndroidManifest.xml:160:13-36
	android:name
		ADDED from src\main\AndroidManifest.xml:159:13-53
activity#neutrinos.addme.activity.OtpActivity
ADDED from src\main\AndroidManifest.xml:161:9-163:72
	android:theme
		ADDED from src\main\AndroidManifest.xml:163:13-69
	android:name
		ADDED from src\main\AndroidManifest.xml:162:13-49
activity#neutrinos.addme.activity.Checklist
ADDED from src\main\AndroidManifest.xml:164:9-167:58
	android:label
		ADDED from src\main\AndroidManifest.xml:166:13-38
	android:windowSoftInputMode
		ADDED from src\main\AndroidManifest.xml:167:13-55
	android:name
		ADDED from src\main\AndroidManifest.xml:165:13-47
activity#neutrinos.addme.activity.ToDoListActivity
ADDED from src\main\AndroidManifest.xml:168:9-170:63
	android:windowSoftInputMode
		ADDED from src\main\AndroidManifest.xml:170:13-60
	android:name
		ADDED from src\main\AndroidManifest.xml:169:13-54
activity#neutrinos.addme.activity.CategoryListActivity
ADDED from src\main\AndroidManifest.xml:177:9-67
	android:name
		ADDED from src\main\AndroidManifest.xml:177:19-64
activity#neutrinos.addme.activity.HomePage
ADDED from src\main\AndroidManifest.xml:178:9-182:59
	android:screenOrientation
		ADDED from src\main\AndroidManifest.xml:181:13-49
	android:label
		ADDED from src\main\AndroidManifest.xml:180:13-45
	android:theme
		ADDED from src\main\AndroidManifest.xml:182:13-56
	android:name
		ADDED from src\main\AndroidManifest.xml:179:13-46
activity#neutrinos.addme.activity.SubCategoryListActivity
ADDED from src\main\AndroidManifest.xml:183:9-186:47
	android:label
		ADDED from src\main\AndroidManifest.xml:185:13-45
	android:theme
		ADDED from src\main\AndroidManifest.xml:186:13-44
	android:name
		ADDED from src\main\AndroidManifest.xml:184:13-61
activity#neutrinos.addme.activity.DetailsCategoryListActivity
ADDED from src\main\AndroidManifest.xml:187:9-74
	android:name
		ADDED from src\main\AndroidManifest.xml:187:19-71
activity#neutrinos.addme.activity.SelectedCategoryActivity
ADDED from src\main\AndroidManifest.xml:188:9-71
	android:name
		ADDED from src\main\AndroidManifest.xml:188:19-68
activity#neutrinos.addme.activity.MapsActivity
ADDED from src\main\AndroidManifest.xml:189:9-59
	android:name
		ADDED from src\main\AndroidManifest.xml:189:19-56
activity#neutrinos.addme.activity.CategoryDashboardActivity
ADDED from src\main\AndroidManifest.xml:190:9-192:63
	android:windowSoftInputMode
		ADDED from src\main\AndroidManifest.xml:192:13-60
	android:name
		ADDED from src\main\AndroidManifest.xml:191:13-63
activity#neutrinos.addme.activity.SearchActivity
ADDED from src\main\AndroidManifest.xml:193:9-61
	android:name
		ADDED from src\main\AndroidManifest.xml:193:19-58
activity#neutrinos.addme.activity.Main2Activity
ADDED from src\main\AndroidManifest.xml:194:9-197:63
	android:windowSoftInputMode
		ADDED from src\main\AndroidManifest.xml:197:13-60
	android:theme
		ADDED from src\main\AndroidManifest.xml:196:13-56
	android:name
		ADDED from src\main\AndroidManifest.xml:195:13-51
activity#neutrinos.addme.activity.Offers
ADDED from src\main\AndroidManifest.xml:198:9-53
	android:name
		ADDED from src\main\AndroidManifest.xml:198:19-50
activity#neutrinos.addme.activity.PremiumContent
ADDED from src\main\AndroidManifest.xml:199:9-61
	android:name
		ADDED from src\main\AndroidManifest.xml:199:19-58
activity#neutrinos.addme.activity.NearbyActivity
ADDED from src\main\AndroidManifest.xml:200:9-61
	android:name
		ADDED from src\main\AndroidManifest.xml:200:19-58
receiver#neutrinos.addme.utilities.SmsReceivers
ADDED from src\main\AndroidManifest.xml:202:9-209:20
	android:enabled
		ADDED from src\main\AndroidManifest.xml:204:13-35
	android:permission
		ADDED from src\main\AndroidManifest.xml:205:13-66
	android:name
		ADDED from src\main\AndroidManifest.xml:203:13-51
intent-filter#android.provider.Telephony.SMS_RECEIVED
ADDED from src\main\AndroidManifest.xml:206:13-208:29
	android:priority
		ADDED from src\main\AndroidManifest.xml:206:28-51
action#android.provider.Telephony.SMS_RECEIVED
ADDED from src\main\AndroidManifest.xml:207:17-82
	android:name
		ADDED from src\main\AndroidManifest.xml:207:25-79
meta-data#com.google.android.maps.v2.API_KEY
ADDED from src\main\AndroidManifest.xml:211:9-213:71
	android:value
		ADDED from src\main\AndroidManifest.xml:213:13-68
	android:name
		ADDED from src\main\AndroidManifest.xml:212:13-62
meta-data#preloaded_fonts
ADDED from src\main\AndroidManifest.xml:214:9-216:57
	android:resource
		ADDED from src\main\AndroidManifest.xml:216:13-54
	android:name
		ADDED from src\main\AndroidManifest.xml:215:13-43
activity#neutrinos.addme.activity.NewNearByActivity
ADDED from src\main\AndroidManifest.xml:218:9-64
	android:name
		ADDED from src\main\AndroidManifest.xml:218:19-61
activity#neutrinos.addme.activity.WishlistActivity
ADDED from src\main\AndroidManifest.xml:219:9-221:40
	android:label
		ADDED from src\main\AndroidManifest.xml:221:13-37
	android:name
		ADDED from src\main\AndroidManifest.xml:220:13-54
activity#neutrinos.addme.activity.FavouriteActivity
ADDED from src\main\AndroidManifest.xml:222:9-224:41
	android:label
		ADDED from src\main\AndroidManifest.xml:224:13-38
	android:name
		ADDED from src\main\AndroidManifest.xml:223:13-55
activity#neutrinos.addme.activity.FavWishlistActivity
ADDED from src\main\AndroidManifest.xml:225:9-75
	android:name
		ADDED from src\main\AndroidManifest.xml:225:19-63
activity#neutrinos.addme.activity.NearByNext
ADDED from src\main\AndroidManifest.xml:226:9-66
	android:name
		ADDED from src\main\AndroidManifest.xml:226:19-54
uses-sdk
INJECTED from src\main\AndroidManifest.xml reason: use-sdk injection requested
INJECTED from src\main\AndroidManifest.xml
INJECTED from src\main\AndroidManifest.xml
MERGED from [com.google.firebase:firebase-core:11.8.0] AndroidManifest.xml:4:5-43
MERGED from [com.google.firebase:firebase-core:11.8.0] AndroidManifest.xml:4:5-43
MERGED from [com.google.firebase:firebase-messaging:11.8.0] AndroidManifest.xml:20:5-44
MERGED from [com.google.firebase:firebase-messaging:11.8.0] AndroidManifest.xml:20:5-44
MERGED from [com.google.android.gms:play-services-location:11.8.0] AndroidManifest.xml:5:5-44
MERGED from [com.google.android.gms:play-services-location:11.8.0] AndroidManifest.xml:5:5-44
MERGED from [com.android.support:design:27.1.1] AndroidManifest.xml:20:5-44
MERGED from [com.android.support:design:27.1.1] AndroidManifest.xml:20:5-44
MERGED from [com.google.android.gms:play-services-maps:11.8.0] AndroidManifest.xml:20:5-44
MERGED from [com.google.android.gms:play-services-maps:11.8.0] AndroidManifest.xml:20:5-44
MERGED from [com.google.firebase:firebase-analytics:11.8.0] AndroidManifest.xml:20:5-44
MERGED from [com.google.firebase:firebase-analytics:11.8.0] AndroidManifest.xml:20:5-44
MERGED from [com.google.firebase:firebase-analytics-impl:11.8.0] AndroidManifest.xml:20:5-44
MERGED from [com.google.firebase:firebase-analytics-impl:11.8.0] AndroidManifest.xml:20:5-44
MERGED from [com.google.firebase:firebase-iid:11.8.0] AndroidManifest.xml:20:5-44
MERGED from [com.google.firebase:firebase-iid:11.8.0] AndroidManifest.xml:20:5-44
MERGED from [com.google.firebase:firebase-common:11.8.0] AndroidManifest.xml:5:5-44
MERGED from [com.google.firebase:firebase-common:11.8.0] AndroidManifest.xml:5:5-44
MERGED from [com.google.android.gms:play-services-base:11.8.0] AndroidManifest.xml:20:5-44
MERGED from [com.google.android.gms:play-services-base:11.8.0] AndroidManifest.xml:20:5-44
MERGED from [com.google.android.gms:play-services-tasks:11.8.0] AndroidManifest.xml:5:5-44
MERGED from [com.google.android.gms:play-services-tasks:11.8.0] AndroidManifest.xml:5:5-44